./sdriver.pl -t trace01.txt -s ./tsh -a "-p"
#
# trace01.txt - Properly terminate on EOF.
#
./sdriver.pl -t trace02.txt -s ./tsh -a "-p"
#
# trace02.txt - Process builtin quit command.
#
./sdriver.pl -t trace03.txt -s ./tsh -a "-p"
#
# trace03.txt - Run a foreground job.
#
tsh> quit
./sdriver.pl -t trace04.txt -s ./tsh -a "-p"
#
# trace04.txt - Run a background job.
#
tsh> ./myspin 1 &
[1] (31971) ./myspin 1 &
./sdriver.pl -t trace05.txt -s ./tsh -a "-p"
#
# trace05.txt - Process jobs builtin command.
#
tsh> ./myspin 2 &
[1] (31989) ./myspin 2 &
tsh> ./myspin 3 &
[2] (31991) ./myspin 3 &
tsh> jobs
[1] (31989) Running ./myspin 2 &
[2] (31991) Running ./myspin 3 &
./sdriver.pl -t trace06.txt -s ./tsh -a "-p"
#
# trace06.txt - Forward SIGINT to foreground job.
#
tsh> ./myspin 4
Job [1] (32010) termined by signal 2
./sdriver.pl -t trace07.txt -s ./tsh -a "-p"
#
# trace07.txt - Forward SIGINT only to foreground job.
#
tsh> ./myspin 4 &
[1] (32024) ./myspin 4 &
tsh> ./myspin 5
Job [2] (32026) termined by signal 2
tsh> jobs
[1] (32024) Running ./myspin 4 &
./sdriver.pl -t trace08.txt -s ./tsh -a "-p"
#
# trace08.txt - Forward SIGTSTP only to foreground job.
#
tsh> ./myspin 4 &
[1] (32041) ./myspin 4 &
tsh> ./myspin 5
Job [2] (32043) stopped by signal 20
tsh> jobs
[1] (32041) Running ./myspin 4 &
[2] (32043) Stopped ./myspin 5 
./sdriver.pl -t trace09.txt -s ./tsh -a "-p"
#
# trace09.txt - Process bg builtin command
#
tsh> ./myspin 4 &
[1] (32062) ./myspin 4 &
tsh> ./myspin 5
Job [2] (32064) stopped by signal 20
tsh> jobs
[1] (32062) Running ./myspin 4 &
[2] (32064) Stopped ./myspin 5 
tsh> bg %2
[2] (32064) ./myspin 5 
tsh> jobs
[1] (32062) Running ./myspin 4 &
[2] (32064) Running ./myspin 5 
./sdriver.pl -t trace10.txt -s ./tsh -a "-p"
#
# trace10.txt - Process fg builtin command. 
#
tsh> ./myspin 4 &
[1] (32085) ./myspin 4 &
tsh> fg %1
Job [1] (32085) stopped by signal 20
tsh> jobs
[1] (32085) Stopped ./myspin 4 &
tsh> fg %1
tsh> jobs
./sdriver.pl -t trace11.txt -s ./tsh -a "-p"
#
# trace11.txt - Forward SIGINT to every process in foreground process group
#
tsh> ./mysplit 4
Job [1] (32107) termined by signal 2
tsh> /bin/ps a
    PID TTY      STAT   TIME COMMAND
     41 pts/0    Ss+    0:00 /bin/bash -l
   5759 pts/1    Ss     0:00 /bin/bash -l
   8305 pts/2    Ss+    0:00 /bin/bash -l
  26413 pts/1    S+     0:00 make test02
  26414 pts/1    S+     0:00 /bin/sh -c ./sdriver.pl -t trace02.txt -s ./tsh -a "-
  26415 pts/1    S+     0:00 /usr/bin/perl ./sdriver.pl -t trace02.txt -s ./tsh -a
  26416 pts/1    S+     0:00 ./tsh -p
  26443 pts/3    Ss+    0:00 /bin/bash -l
  26713 pts/4    Ss     0:00 /bin/bash -l
  32102 pts/4    S+     0:00 make test11
  32103 pts/4    S+     0:00 /bin/sh -c ./sdriver.pl -t trace11.txt -s ./tsh -a "-
  32104 pts/4    S+     0:00 /usr/bin/perl ./sdriver.pl -t trace11.txt -s ./tsh -a
  32105 pts/4    S+     0:00 ./tsh -p
  32114 pts/4    R      0:00 /bin/ps a
./sdriver.pl -t trace12.txt -s ./tsh -a "-p"
#
# trace12.txt - Forward SIGTSTP to every process in foreground process group
#
tsh> ./mysplit 4
Job [1] (32124) stopped by signal 20
tsh> jobs
[1] (32124) Stopped ./mysplit 4 
tsh> /bin/ps a
    PID TTY      STAT   TIME COMMAND
     41 pts/0    Ss+    0:00 /bin/bash -l
   5759 pts/1    Ss     0:00 /bin/bash -l
   8305 pts/2    Ss+    0:00 /bin/bash -l
  26413 pts/1    S+     0:00 make test02
  26414 pts/1    S+     0:00 /bin/sh -c ./sdriver.pl -t trace02.txt -s ./tsh -a "-
  26415 pts/1    S+     0:00 /usr/bin/perl ./sdriver.pl -t trace02.txt -s ./tsh -a
  26416 pts/1    S+     0:00 ./tsh -p
  26443 pts/3    Ss+    0:00 /bin/bash -l
  26713 pts/4    Ss     0:00 /bin/bash -l
  32119 pts/4    S+     0:00 make test12
  32120 pts/4    S+     0:00 /bin/sh -c ./sdriver.pl -t trace12.txt -s ./tsh -a "-
  32121 pts/4    S+     0:00 /usr/bin/perl ./sdriver.pl -t trace12.txt -s ./tsh -a
  32122 pts/4    S+     0:00 ./tsh -p
  32124 pts/4    T      0:00 ./mysplit 4
  32125 pts/4    T      0:00 ./mysplit 4
  32132 pts/4    R      0:00 /bin/ps a
./sdriver.pl -t trace13.txt -s ./tsh -a "-p"
#
# trace13.txt - Restart every stopped process in process group
#
tsh> ./mysplit 4
Job [1] (32142) stopped by signal 20
tsh> jobs
[1] (32142) Stopped ./mysplit 4 
tsh> /bin/ps a
    PID TTY      STAT   TIME COMMAND
     41 pts/0    Ss+    0:00 /bin/bash -l
   5759 pts/1    Ss     0:00 /bin/bash -l
   8305 pts/2    Ss+    0:00 /bin/bash -l
  26413 pts/1    S+     0:00 make test02
  26414 pts/1    S+     0:00 /bin/sh -c ./sdriver.pl -t trace02.txt -s ./tsh -a "-
  26415 pts/1    S+     0:00 /usr/bin/perl ./sdriver.pl -t trace02.txt -s ./tsh -a
  26416 pts/1    S+     0:00 ./tsh -p
  26443 pts/3    Ss+    0:00 /bin/bash -l
  26713 pts/4    Ss     0:00 /bin/bash -l
  32137 pts/4    S+     0:00 make test13
  32138 pts/4    S+     0:00 /bin/sh -c ./sdriver.pl -t trace13.txt -s ./tsh -a "-
  32139 pts/4    S+     0:00 /usr/bin/perl ./sdriver.pl -t trace13.txt -s ./tsh -a
  32140 pts/4    S+     0:00 ./tsh -p
  32142 pts/4    T      0:00 ./mysplit 4
  32143 pts/4    T      0:00 ./mysplit 4
  32150 pts/4    R      0:00 /bin/ps a
tsh> fg %1
tsh> /bin/ps a
    PID TTY      STAT   TIME COMMAND
     41 pts/0    Ss+    0:00 /bin/bash -l
   5759 pts/1    Ss     0:00 /bin/bash -l
   8305 pts/2    Ss+    0:00 /bin/bash -l
  26413 pts/1    S+     0:00 make test02
  26414 pts/1    S+     0:00 /bin/sh -c ./sdriver.pl -t trace02.txt -s ./tsh -a "-
  26415 pts/1    S+     0:00 /usr/bin/perl ./sdriver.pl -t trace02.txt -s ./tsh -a
  26416 pts/1    S+     0:00 ./tsh -p
  26443 pts/3    Ss+    0:00 /bin/bash -l
  26713 pts/4    Ss     0:00 /bin/bash -l
  32137 pts/4    S+     0:00 make test13
  32138 pts/4    S+     0:00 /bin/sh -c ./sdriver.pl -t trace13.txt -s ./tsh -a "-
  32139 pts/4    S+     0:00 /usr/bin/perl ./sdriver.pl -t trace13.txt -s ./tsh -a
  32140 pts/4    S+     0:00 ./tsh -p
  32154 pts/4    R      0:00 /bin/ps a
./sdriver.pl -t trace14.txt -s ./tsh -a "-p"
#
# trace14.txt - Simple error handling
#
tsh> ./bogus
./bogus: Command not found
tsh> ./myspin 4 &
[1] (32169) ./myspin 4 &
tsh> fg
fg command requires PID or %jobid argument
tsh> bg
bg command requires PID or %jobid argument
tsh> fg a
fg: argument must be a PID or %jobid
tsh> bg a
bg: argument must be a PID or %jobid
tsh> fg 9999999
(9999999): No such process
tsh> bg 9999999
(9999999): No such process
tsh> fg %2
%2: No such job
tsh> fg %1
Job [1] (32169) stopped by signal 20
tsh> bg %2
%2: No such job
tsh> bg %1
[1] (32169) ./myspin 4 &
tsh> jobs
[1] (32169) Running ./myspin 4 &
./sdriver.pl -t trace15.txt -s ./tsh -a "-p"
#
# trace15.txt - Putting it all together
#
tsh> ./bogus
./bogus: Command not found
tsh> ./myspin 10
Job [1] (32196) termined by signal 2
tsh> ./myspin 3 &
[1] (32202) ./myspin 3 &
tsh> ./myspin 4 &
[2] (32204) ./myspin 4 &
tsh> jobs
[1] (32202) Running ./myspin 3 &
[2] (32204) Running ./myspin 4 &
tsh> fg %1
Job [1] (32202) stopped by signal 20
tsh> jobs
[1] (32202) Stopped ./myspin 3 &
[2] (32204) Running ./myspin 4 &
tsh> bg %3
%3: No such job
tsh> bg %1
[1] (32202) ./myspin 3 &
tsh> jobs
[1] (32202) Running ./myspin 3 &
[2] (32204) Running ./myspin 4 &
tsh> fg %1
tsh> quit
./sdriver.pl -t trace16.txt -s ./tsh -a "-p"
#
# trace16.txt - Tests whether the shell can handle SIGTSTP and SIGINT
#     signals that come from other processes instead of the terminal.
#
tsh> ./mystop 2
Job [1] (32228) stopped by signal 20
tsh> jobs
[1] (32228) Stopped ./mystop 2
tsh> ./myint 2
Job [2] (32233) termined by signal 2
